INFO:root:START - Beginning the parse
INFO:root:Created tuple for (origin, destination)
INFO:root:Created tuple for (origin, destination)
INFO:root:Created tuple for (origin, destination)
INFO:root:Created tuple for (origin, destination)
INFO:root:Created tuple for (origin, destination)
INFO:root:Created tuple for (origin, destination)
INFO:root:Created tuple for (origin, destination)
INFO:root:Created tuple for (origin, destination)
INFO:root:Created tuple for (origin, destination)
INFO:root:Created tuple for (origin, destination)
INFO:root:Created tuple for (origin, destination)
INFO:root:Created tuple for (origin, destination)
INFO:root:Created tuple for (origin, destination)
INFO:root:Created tuple for (origin, destination)
INFO:root:Created tuple for (origin, destination)
INFO:root:Created tuple for (origin, destination)
INFO:root:Created tuple for (origin, destination)
INFO:root:Created tuple for (origin, destination)
INFO:root:Created tuple for (origin, destination)
INFO:root:Created tuple for (origin, destination)
INFO:root:Created tuple for (origin, destination)
INFO:root:Created tuple for (origin, destination)
INFO:root:Created tuple for (origin, destination)
INFO:root:Created tuple for (origin, destination)
INFO:root:Created tuple for (origin, destination)
INFO:root:Created tuple for (origin, destination)
INFO:root:Created tuple for (origin, destination)
INFO:root:Created tuple for (origin, destination)
INFO:root:Created tuple for (origin, destination)
INFO:root:Created tuple for (origin, destination)
INFO:root:Created tuple for (origin, destination)
INFO:root:Created tuple for (origin, destination)
INFO:root:Created tuple for (origin, destination)
INFO:root:Created tuple for (origin, destination)
INFO:root:Created tuple for (origin, destination)
INFO:root:Created tuple for (origin, destination)
INFO:root:Created tuple for (origin, destination)
INFO:root:Created tuple for (origin, destination)
INFO:root:Created tuple for (origin, destination)
INFO:root:Created tuple for (origin, destination)
INFO:root:Created tuple for (origin, destination)
INFO:root:Created tuple for (origin, destination)
INFO:root:Created tuple for (origin, destination)
INFO:root:Created tuple for (origin, destination)
INFO:root:Created tuple for (origin, destination)
INFO:root:Created tuple for (origin, destination)
INFO:root:Created tuple for (origin, destination)
INFO:root:Created tuple for (origin, destination)
INFO:root:Created tuple for (origin, destination)
INFO:root:Created tuple for (origin, destination)
INFO:root:Created tuple for (origin, destination)
INFO:root:Created tuple for (origin, destination)
INFO:root:Created tuple for (origin, destination)
INFO:root:Created tuple for (origin, destination)
INFO:root:Created tuple for (origin, destination)
INFO:root:Created tuple for (origin, destination)
INFO:root:Created tuple for (origin, destination)
INFO:root:Created tuple for (origin, destination)
INFO:root:Created tuple for (origin, destination)
INFO:root:Created tuple for (origin, destination)
INFO:root:Created tuple for (origin, destination)
INFO:root:Created tuple for (origin, destination)
INFO:root:Created tuple for (origin, destination)
INFO:root:Created tuple for (origin, destination)
INFO:root:Created tuple for (origin, destination)
INFO:root:Created tuple for (origin, destination)
INFO:root:Created tuple for (origin, destination)
INFO:root:Created tuple for (origin, destination)
INFO:root:Created tuple for (origin, destination)
INFO:root:Created tuple for (origin, destination)
INFO:root:Created tuple for (origin, destination)
INFO:root:Created tuple for (origin, destination)
INFO:root:Created tuple for (origin, destination)
INFO:root:Created tuple for (origin, destination)
INFO:root:Created tuple for (origin, destination)
INFO:root:Created tuple for (origin, destination)
INFO:root:Created tuple for (origin, destination)
INFO:root:Created tuple for (origin, destination)
INFO:root:Created tuple for (origin, destination)
INFO:root:Created tuple for (origin, destination)
INFO:root:Created tuple for (origin, destination)
INFO:root:Created tuple for (origin, destination)
INFO:root:Created tuple for (origin, destination)
INFO:root:Created tuple for (origin, destination)
INFO:root:Created tuple for (origin, destination)
INFO:root:Created tuple for (origin, destination)
INFO:root:Created tuple for (origin, destination)
INFO:root:Created tuple for (origin, destination)
INFO:root:Created tuple for (origin, destination)
INFO:root:Created tuple for (origin, destination)
INFO:root:Created tuple for (origin, destination)
INFO:root:Created tuple for (origin, destination)
INFO:root:Created tuple for (origin, destination)
INFO:root:Created tuple for (origin, destination)
INFO:root:Created tuple for (origin, destination)
INFO:root:Created tuple for (origin, destination)
INFO:root:Created tuple for (origin, destination)
INFO:root:Created tuple for (origin, destination)
INFO:root:Created tuple for (origin, destination)
INFO:root:Created tuple for (origin, destination)
INFO:root:Created tuple for (origin, destination)
INFO:root:Created tuple for (origin, destination)
INFO:root:Created tuple for (origin, destination)
INFO:root:Created tuple for (origin, destination)
INFO:root:Created tuple for (origin, destination)
INFO:root:Created tuple for (origin, destination)
INFO:root:Created tuple for (origin, destination)
INFO:root:Created tuple for (origin, destination)
INFO:root:Created tuple for (origin, destination)
INFO:root:Created tuple for (origin, destination)
INFO:root:Created tuple for (origin, destination)
INFO:root:Created tuple for (origin, destination)
INFO:root:Created tuple for (origin, destination)
INFO:root:Created tuple for (origin, destination)
INFO:root:Created tuple for (origin, destination)
INFO:root:Created tuple for (origin, destination)
INFO:root:Created tuple for (origin, destination)
INFO:root:Created tuple for (origin, destination)
INFO:root:Created tuple for (origin, destination)
INFO:root:Created tuple for (origin, destination)
INFO:root:Created tuple for (origin, destination)
INFO:root:Created tuple for (origin, destination)
INFO:root:Created tuple for (origin, destination)
INFO:root:Created tuple for (origin, destination)
INFO:root:Created tuple for (origin, destination)
INFO:root:Created tuple for (origin, destination)
INFO:root:Created tuple for (origin, destination)
INFO:root:Created tuple for (origin, destination)
INFO:root:Created tuple for (origin, destination)
INFO:root:Created tuple for (origin, destination)
INFO:root:Created tuple for (origin, destination)
INFO:root:Created tuple for (origin, destination)
INFO:root:Created tuple for (origin, destination)
INFO:root:Created tuple for (origin, destination)
INFO:root:Created tuple for (origin, destination)
INFO:root:Created tuple for (origin, destination)
INFO:root:Created tuple for (origin, destination)
INFO:root:Created tuple for (origin, destination)
INFO:root:Created tuple for (origin, destination)
INFO:root:Created tuple for (origin, destination)
INFO:root:Created tuple for (origin, destination)
INFO:root:Created tuple for (origin, destination)
INFO:root:Created tuple for (origin, destination)
INFO:root:Created tuple for (origin, destination)
INFO:root:Created tuple for (origin, destination)
INFO:root:Created tuple for (origin, destination)
INFO:root:Created tuple for (origin, destination)
INFO:root:Created tuple for (origin, destination)
INFO:root:Created tuple for (origin, destination)
INFO:root:Created tuple for (origin, destination)
INFO:root:Created tuple for (origin, destination)
INFO:root:Created tuple for (origin, destination)
INFO:root:Created tuple for (origin, destination)
INFO:root:Created tuple for (origin, destination)
INFO:root:Created tuple for (origin, destination)
INFO:root:Time elapsed for lookup_pairs parse: 0.00656795501709
INFO:root:Whitelist called
INFO:root:Parsing pair_id: 10215
WARNING:root:Disjointers: I-290 and I-395
INFO:root:Parsing pair_id: 10214
WARNING:root:Disjointers: I-290 and I-90
INFO:root:Parsing pair_id: 10216
WARNING:root:Disjointers: I-395 and I-290
INFO:root:Parsing pair_id: 10109
INFO:root:Parsing pair_id: 10108
WARNING:root:Disjointers: I-495 and I-90
INFO:root:Parsing pair_id: 5508
INFO:root:Parsing pair_id: 5509
INFO:root:Parsing pair_id: 5506
INFO:root:Parsing pair_id: 5507
WARNING:root:Disjointers: Rt. and I-93
INFO:root:Parsing pair_id: 5504
WARNING:root:Disjointers: I-95 and I-93
INFO:root:Parsing pair_id: 5505
WARNING:root:Disjointers: Rt. and I-93
INFO:root:Parsing pair_id: 5502
INFO:root:Parsing pair_id: 5503
WARNING:root:Disjointers: I-95 and I-93
INFO:root:Parsing pair_id: 5500
INFO:root:Parsing pair_id: 5501
INFO:root:Parsing pair_id: 10185
INFO:root:Parsing pair_id: 5587
INFO:root:Parsing pair_id: 5584
INFO:root:Parsing pair_id: 10186
INFO:root:Parsing pair_id: 10181
INFO:root:Parsing pair_id: 5583
INFO:root:Parsing pair_id: 5580
WARNING:root:Disjointers: I-495 and I-93
INFO:root:Parsing pair_id: 5581
INFO:root:Parsing pair_id: 10189
INFO:root:Parsing pair_id: 10188
INFO:root:Parsing pair_id: 5588
INFO:root:Parsing pair_id: 10356
INFO:root:Parsing pair_id: 10357
INFO:root:Parsing pair_id: 10358
WARNING:root:Disjointers: Kneeland and I-90
INFO:root:Parsing pair_id: 10359
WARNING:root:Disjointers: 93 and I-90
INFO:root:Parsing pair_id: 5511
INFO:root:Parsing pair_id: 5510
INFO:root:Parsing pair_id: 10110
INFO:root:Parsing pair_id: 10192
INFO:root:Parsing pair_id: 10193
INFO:root:Parsing pair_id: 10190
INFO:root:Parsing pair_id: 10213
WARNING:root:Disjointers: I-395 and I-90
INFO:root:Parsing pair_id: 10360
INFO:root:Parsing pair_id: 10105
WARNING:root:Disjointers: I-495 and I-90
INFO:root:Parsing pair_id: 9650
WARNING:root:Disjointers: Rt. and I-93
INFO:root:Parsing pair_id: 5498
INFO:root:Parsing pair_id: 5499
INFO:root:Parsing pair_id: 5494
INFO:root:Parsing pair_id: 5495
INFO:root:Parsing pair_id: 5496
WARNING:root:Disjointers: I-95 and I-93
INFO:root:Parsing pair_id: 5497
WARNING:root:Disjointers: I-95 and I-93
INFO:root:Parsing pair_id: 5490
INFO:root:Parsing pair_id: 5491
INFO:root:Parsing pair_id: 5492
WARNING:root:Disjointers: I-495 and I-93
INFO:root:Parsing pair_id: 5493
WARNING:root:Disjointers: I-495 and I-93
INFO:root:Parsing pair_id: 5568
INFO:root:Parsing pair_id: 5569
INFO:root:Parsing pair_id: 5564
WARNING:root:Disjointers: I-93 and I-95
INFO:root:Parsing pair_id: 5565
WARNING:root:Disjointers: I-95 and I-93
INFO:root:Parsing pair_id: 5566
WARNING:root:Disjointers: I-95 and I-93
INFO:root:Parsing pair_id: 5567
WARNING:root:Disjointers: I-93 and I-95
INFO:root:Parsing pair_id: 5560
INFO:root:Parsing pair_id: 5561
INFO:root:Parsing pair_id: 5562
WARNING:root:Disjointers: I-93 and I-95
INFO:root:Parsing pair_id: 5563
WARNING:root:Disjointers: I-95 and I-93
INFO:root:Parsing pair_id: 10184
INFO:root:Parsing pair_id: 10182
INFO:root:Parsing pair_id: 10187
INFO:root:Parsing pair_id: 9649
INFO:root:Parsing pair_id: 9648
INFO:root:Parsing pair_id: 9647
INFO:root:Parsing pair_id: 9646
INFO:root:Parsing pair_id: 10180
WARNING:root:Disjointers: Rte. and Rte
INFO:root:Parsing pair_id: 10183
INFO:root:Parsing pair_id: 5579
WARNING:root:Disjointers: I-495 and I-93
INFO:root:Parsing pair_id: 5578
WARNING:root:Disjointers: I-93 and I-495
INFO:root:Parsing pair_id: 5577
WARNING:root:Disjointers: I-495 and I-93
INFO:root:Parsing pair_id: 5575
INFO:root:Parsing pair_id: 5574
INFO:root:Parsing pair_id: 5573
INFO:root:Parsing pair_id: 5572
INFO:root:Parsing pair_id: 5571
WARNING:root:Disjointers: I-93 and I-95
INFO:root:Parsing pair_id: 5570
WARNING:root:Disjointers: I-95 and I-93
INFO:root:Parsing pair_id: 10387
WARNING:root:Disjointers: I-90 and I-495
INFO:root:Parsing pair_id: 10386
INFO:root:Parsing pair_id: 10385
INFO:root:Parsing pair_id: 10384
WARNING:root:Disjointers: I-95 and I-90
INFO:root:Parsing pair_id: 10383
WARNING:root:Disjointers: I-95 and I-90
INFO:root:Parsing pair_id: 10382
INFO:root:Parsing pair_id: 10381
WARNING:root:Disjointers: I-90 and I-95
INFO:root:Parsing pair_id: 10380
WARNING:root:Disjointers: I-90 and I-95
INFO:root:Parsing pair_id: 10374
INFO:root:Parsing pair_id: 10389
INFO:root:Parsing pair_id: 10388
WARNING:root:Disjointers: I-90 and I-495
INFO:root:Parsing pair_id: 5548
WARNING:root:Disjointers: Rt. and I-93
INFO:root:Parsing pair_id: 10375
INFO:root:Parsing pair_id: 5542
WARNING:root:Disjointers: Rt. and I-93
INFO:root:Parsing pair_id: 5543
WARNING:root:Disjointers: I-93 and Rt.
INFO:root:Parsing pair_id: 5540
WARNING:root:Disjointers: I-95 and I-93
INFO:root:Parsing pair_id: 5541
WARNING:root:Disjointers: I-93 and I-95
INFO:root:Parsing pair_id: 5546
INFO:root:Parsing pair_id: 5547
INFO:root:Parsing pair_id: 5545
WARNING:root:Disjointers: Rt. and I-93
INFO:root:Parsing pair_id: 9502
WARNING:root:Disjointers: I-93 and I-95
INFO:root:Parsing pair_id: 9503
WARNING:root:Disjointers: I-95 and I-93
INFO:root:Parsing pair_id: 9500
WARNING:root:Disjointers: I-93 and I-95
INFO:root:Parsing pair_id: 9501
WARNING:root:Disjointers: I-95 and I-93
INFO:root:Parsing pair_id: 9506
INFO:root:Parsing pair_id: 9507
INFO:root:Parsing pair_id: 9504
WARNING:root:Disjointers: I-93 and Rt.
INFO:root:Parsing pair_id: 9505
WARNING:root:Disjointers: Rt. and I-93
INFO:root:Parsing pair_id: 5555
INFO:root:Parsing pair_id: 5554
INFO:root:Parsing pair_id: 5557
INFO:root:Parsing pair_id: 5556
INFO:root:Parsing pair_id: 5551
INFO:root:Parsing pair_id: 5550
INFO:root:Parsing pair_id: 5553
INFO:root:Parsing pair_id: 5552
INFO:root:Parsing pair_id: 10240
WARNING:root:Disjointers: I-90 and I-495
INFO:root:Parsing pair_id: 5559
INFO:root:Parsing pair_id: 5558
INFO:root:Parsing pair_id: 10245
WARNING:root:Disjointers: Rte and Rt.
INFO:root:Parsing pair_id: 10092
WARNING:root:Disjointers: I-90 and I-395
INFO:root:Parsing pair_id: 10091
WARNING:root:Disjointers: I-90 and I-290
INFO:root:Parsing pair_id: 10090
WARNING:root:Disjointers: I-290 and I-90
INFO:root:Parsing pair_id: 10499
INFO:root:Parsing pair_id: 10498
INFO:root:Parsing pair_id: 10497
INFO:root:Parsing pair_id: 10496
INFO:root:Parsing pair_id: 10525
WARNING:root:Disjointers: I-93 and 93
INFO:root:Parsing pair_id: 10364
WARNING:root:Disjointers: I-90 and I-93
INFO:root:Parsing pair_id: 10361
INFO:root:Parsing pair_id: 10239
WARNING:root:Disjointers: I-90 and I-495
INFO:root:Parsing pair_id: 10363
WARNING:root:Disjointers: I-90 and I-93
INFO:root:Parsing pair_id: 10362
WARNING:root:Disjointers: I-95 and I-90
INFO:root:Parsing pair_id: 10238
INFO:root:Parsing pair_id: 10088
INFO:root:Parsing pair_id: 10089
WARNING:root:Disjointers: I-90 and I-84
INFO:root:Parsing pair_id: 10084
WARNING:root:Disjointers: I-495 and I-90
INFO:root:Parsing pair_id: 10085
INFO:root:Parsing pair_id: 10086
INFO:root:Parsing pair_id: 10087
WARNING:root:Disjointers: I-395 and I-90
INFO:root:Parsing pair_id: 10081
WARNING:root:Disjointers: I-84 and I-90
INFO:root:Parsing pair_id: 10082
INFO:root:Parsing pair_id: 10083
INFO:root:Parsing pair_id: 10178
WARNING:root:Disjointers: I-93 and Rte.
INFO:root:Parsing pair_id: 10179
INFO:root:Parsing pair_id: 5533
INFO:root:Parsing pair_id: 5532
INFO:root:Parsing pair_id: 5537
WARNING:root:Disjointers: I-93 and I-95
INFO:root:Parsing pair_id: 5536
WARNING:root:Disjointers: I-95 and I-93
INFO:root:Parsing pair_id: 10378
WARNING:root:Disjointers: I-90 and I-95
INFO:root:Parsing pair_id: 10379
INFO:root:Parsing pair_id: 10376
INFO:root:Parsing pair_id: 10377
WARNING:root:Disjointers: I-90 and I-95
INFO:root:Parsing pair_id: 5539
WARNING:root:Disjointers: Rt. and I-95
INFO:root:Parsing pair_id: 5538
WARNING:root:Disjointers: I-95 and Rt.
INFO:root:Parsing pair_id: 10372
WARNING:root:Disjointers: I-495 and I-90
INFO:root:Parsing pair_id: 10373
WARNING:root:Disjointers: I-495 and I-90
INFO:root:Time elapsed for pair classification: 0.00913000106812
INFO:root:Others: 0
INFO:root:Intersectors: 84
INFO:root:Disjointers: 71
INFO:root:Total: 155
